{"C:\\Curso TI\\ebac_exercicio_rtl\\src\\components\\PostComments\\index.tsx": {"path":"C:\\Curso TI\\ebac_exercicio_rtl\\src\\components\\PostComments\\index.tsx","statementMap":{"0":{"start":{"line":6,"column":13},"end":{"line":36,"column":1}},"1":{"start":{"line":7,"column":36},"end":{"line":7,"column":59}},"2":{"start":{"line":8,"column":42},"end":{"line":8,"column":54}},"3":{"start":{"line":11,"column":8},"end":{"line":11,"column":31}},"4":{"start":{"line":12,"column":27},"end":{"line":12,"column":68}},"5":{"start":{"line":13,"column":8},"end":{"line":13,"column":27}},"6":{"start":{"line":14,"column":8},"end":{"line":14,"column":47}},"7":{"start":{"line":17,"column":4},"end":{"line":35,"column":6}},"8":{"start":{"line":21,"column":20},"end":{"line":25,"column":25}},"9":{"start":{"line":29,"column":92},"end":{"line":29,"column":122}}},"fnMap":{"0":{"name":"(anonymous_0)","decl":{"start":{"line":6,"column":13},"end":{"line":6,"column":14}},"loc":{"start":{"line":6,"column":19},"end":{"line":36,"column":1}},"line":6},"1":{"name":"handleAddComment","decl":{"start":{"line":10,"column":13},"end":{"line":10,"column":29}},"loc":{"start":{"line":10,"column":65},"end":{"line":15,"column":5}},"line":10},"2":{"name":"(anonymous_2)","decl":{"start":{"line":20,"column":30},"end":{"line":20,"column":31}},"loc":{"start":{"line":21,"column":20},"end":{"line":25,"column":25}},"line":21},"3":{"name":"(anonymous_3)","decl":{"start":{"line":29,"column":87},"end":{"line":29,"column":88}},"loc":{"start":{"line":29,"column":92},"end":{"line":29,"column":122}},"line":29}},"branchMap":{},"s":{"0":1,"1":6,"2":6,"3":2,"4":2,"5":2,"6":2,"7":6,"8":4,"9":2},"f":{"0":6,"1":2,"2":4,"3":2},"b":{},"_coverageSchema":"1a1c01bbd47fc00a2c39e90264f33305004495a9","hash":"72148e52e662de8f0f6ab6732b0a24d99a5ba68f"}
}
